<?xml version="1.0" encoding="utf-8"?><testsuites name="pytest tests"><testsuite name="pytest" errors="0" failures="1" skipped="0" tests="11" time="3.336" timestamp="2026-08-22T19:34:11.760476+00:00" hostname="agent-env-403ed38c-33dd-412c-a9e7-e606e8e2dd43"><testcase classname="tests.test_about.TestAboutMedia" name="test_path_traversal_rejected" time="0.220"><failure message="AssertionError: expected 400 for traversal, got 404&#10;assert 404 == 400&#10; +  where 404 = &lt;Response [404]&gt;.status_code">backend/tests/test_about.py:161: in test_path_traversal_rejected
    assert r.status_code == 400, f"expected 400 for traversal, got {r.status_code}"
E   AssertionError: expected 400 for traversal, got 404
E   assert 404 == 400
E    +  where 404 = &lt;Response [404]&gt;.status_code</failure></testcase><testcase classname="tests.test_about.TestAboutMedia" name="test_double_dot_rejected" time="0.201" /><testcase classname="tests.test_about.TestAboutUpload" name="test_upload_image_and_serve" time="1.862" /><testcase classname="tests.test_about.TestAboutMedia" name="test_nonexistent_404" time="0.579" /><testcase classname="tests.test_about.TestAboutPutAuth" name="test_put_without_token_401" time="0.302" /><testcase classname="tests.test_about.TestAboutPutAuth" name="test_put_with_non_admin_403" time="0.548" /><testcase classname="tests.test_about.TestAboutUpload" name="test_upload_non_image_422" time="0.123" /><testcase classname="tests.test_about.TestAboutPutAdmin" name="test_put_updates_and_persists" time="1.021" /><testcase classname="tests.test_about.TestAboutUpload" name="test_upload_requires_admin" time="0.575" /><testcase classname="tests.test_about.TestAboutGet" name="test_get_about_defaults" time="0.127" /><testcase classname="tests.test_about.TestAboutPutAdmin" name="test_put_ignores_non_whitelisted_keys" time="0.108" /></testsuite></testsuites>