<?xml version="1.0" encoding="utf-8"?><testsuites name="pytest tests"><testsuite name="pytest" errors="0" failures="0" skipped="0" tests="5" time="1.650" timestamp="2026-08-29T18:31:29.437937+00:00" hostname="agent-env-403ed38c-33dd-412c-a9e7-e606e8e2dd43"><testcase classname="tests.test_analyst_submit_gate.TestSubmitGate" name="test_submit_empty_portfolio_returns_422_with_errors" time="0.602" /><testcase classname="tests.test_analyst_submit_gate.TestSubmitGate" name="test_submit_wrong_total_weight_returns_422_with_100pct_error" time="0.131" /><testcase classname="tests.test_analyst_submit_gate.TestSubmitGate" name="test_submit_subtitle_over_30_words_returns_422" time="0.132" /><testcase classname="tests.test_analyst_submit_gate.TestSubmitGate" name="test_draft_save_permissive_no_strict_validation" time="0.133" /><testcase classname="tests.test_analyst_submit_gate.TestSubmitGate" name="test_complete_portfolio_submits_successfully_200_pending" time="0.325" /></testsuite></testsuites>