<?xml version="1.0" encoding="utf-8"?><testsuites name="pytest tests"><testsuite name="pytest" errors="0" failures="0" skipped="0" tests="13" time="1.222" timestamp="2026-08-29T19:07:55.705587+00:00" hostname="agent-env-403ed38c-33dd-412c-a9e7-e606e8e2dd43"><testcase classname="tests.test_market_and_dropdowns.TestListingOptions" name="test_get_listing_options_public_returns_5_groups" time="0.230" /><testcase classname="tests.test_market_and_dropdowns.TestMarketData" name="test_market_status_not_connected" time="0.277" /><testcase classname="tests.test_market_and_dropdowns.TestListingOptions" name="test_put_listing_options_requires_admin" time="0.043" /><testcase classname="tests.test_market_and_dropdowns.TestMarketData" name="test_market_status_requires_admin" time="0.265" /><testcase classname="tests.test_market_and_dropdowns.TestListingOptions" name="test_put_listing_options_dedupes_and_persists" time="0.356" /><testcase classname="tests.test_market_and_dropdowns.TestMarketData" name="test_market_login_url_returns_kite_url" time="0.043" /><testcase classname="tests.test_market_and_dropdowns.TestListingOptions" name="test_put_listing_options_rejects_empty_list" time="0.047" /><testcase classname="tests.test_market_and_dropdowns.TestListingOptions" name="test_put_listing_options_rejects_non_list" time="0.043" /><testcase classname="tests.test_market_and_dropdowns.TestListingOptions" name="test_zzz_restore_defaults" time="0.044" /><testcase classname="tests.test_market_and_dropdowns.TestMarketData" name="test_market_quote_returns_503_when_not_connected" time="0.180" /><testcase classname="tests.test_market_and_dropdowns.TestMarketData" name="test_market_period_return_503_or_404" time="0.043" /><testcase classname="tests.test_market_and_dropdowns.TestMarketData" name="test_instruments_search_requires_auth" time="0.042" /><testcase classname="tests.test_market_and_dropdowns.TestMarketData" name="test_instruments_search_returns_empty_gracefully" time="0.043" /></testsuite></testsuites>