<?xml version="1.0" encoding="utf-8"?><testsuites name="pytest tests"><testsuite name="pytest" errors="0" failures="0" skipped="0" tests="18" time="3.424" timestamp="2026-08-30T16:49:41.495518+00:00" hostname="agent-env-403ed38c-33dd-412c-a9e7-e606e8e2dd43"><testcase classname="tests.test_og_share.TestStaticAssets" name="test_static_asset[/omnivest-og-1200x630.png?v=2]" time="0.283" /><testcase classname="tests.test_og_share.TestOGEndpoint" name="test_about_page_meta" time="0.257" /><testcase classname="tests.test_og_share.TestOGEndpoint" name="test_home_default_title" time="0.142" /><testcase classname="tests.test_og_share.TestStaticAssets" name="test_static_asset[/favicon.svg]" time="0.145" /><testcase classname="tests.test_og_share.TestOGEndpoint" name="test_static_routes_distinct_titles[/aif-Alternative Investment Funds]" time="0.143" /><testcase classname="tests.test_og_share.TestStaticAssets" name="test_static_asset[/favicon-32.png]" time="0.105" /><testcase classname="tests.test_og_share.TestStaticAssets" name="test_static_asset[/apple-touch-icon.png]" time="0.128" /><testcase classname="tests.test_og_share.TestOGEndpoint" name="test_static_routes_distinct_titles[/faq-FAQ]" time="0.118" /><testcase classname="tests.test_og_share.TestOGEndpoint" name="test_static_routes_distinct_titles[/managers-Basket Managers]" time="0.137" /><testcase classname="tests.test_og_share.TestOGEndpoint" name="test_static_routes_distinct_titles[/model-portfolios-Model Portfolios]" time="0.131" /><testcase classname="tests.test_og_share.TestOGEndpoint" name="test_static_routes_distinct_titles[/advisory-Advisory]" time="0.120" /><testcase classname="tests.test_og_share.TestOGEndpoint" name="test_static_routes_distinct_titles[/learn-Learn]" time="0.262" /><testcase classname="tests.test_og_share.TestOGEndpoint" name="test_static_routes_distinct_titles[/partner-Become a Partner]" time="0.111" /><testcase classname="tests.test_og_share.TestOGEndpoint" name="test_titles_differ_across_routes" time="1.189" /><testcase classname="tests.test_og_share.TestOGEndpoint" name="test_og_image_present" time="0.107" /><testcase classname="tests.test_og_share.TestOGEndpoint" name="test_unknown_portfolio_fallback" time="0.104" /><testcase classname="tests.test_og_share.TestOGEndpoint" name="test_nonexistent_route_fallback" time="0.115" /><testcase classname="tests.test_og_share.TestOGEndpoint" name="test_canonical_and_js_redirect" time="0.123" /></testsuite></testsuites>