<?xml version="1.0" encoding="utf-8"?><testsuites name="pytest tests"><testsuite name="pytest" errors="2" failures="0" skipped="0" tests="13" time="3.322" timestamp="2026-08-23T06:05:35.979141+00:00" hostname="agent-env-403ed38c-33dd-412c-a9e7-e606e8e2dd43"><testcase classname="" name="tests.test_rebrand" time="0.000"><error message="collection failure">backend/tests/test_rebrand.py:12: in &lt;module&gt;
    BASE_URL = os.environ.get("REACT_APP_BACKEND_URL").rstrip("/")
               ^^^^^^^^^^^^^^^^^^^^^^^^^^^^^^^^^^^^^^^^^^^^^^
E   AttributeError: 'NoneType' object has no attribute 'rstrip'</error><error message="collection failure">backend/tests/test_rebrand.py:12: in &lt;module&gt;
    BASE_URL = os.environ.get("REACT_APP_BACKEND_URL").rstrip("/")
               ^^^^^^^^^^^^^^^^^^^^^^^^^^^^^^^^^^^^^^^^^^^^^^
E   AttributeError: 'NoneType' object has no attribute 'rstrip'</error></testcase><testcase classname="tests.test_about.TestAboutMedia" name="test_path_traversal_rejected" time="0.194" /><testcase classname="tests.test_about.TestAboutMedia" name="test_double_dot_rejected" time="0.275" /><testcase classname="tests.test_about.TestAboutUpload" name="test_upload_image_and_serve" time="2.000" /><testcase classname="tests.test_about.TestAboutMedia" name="test_nonexistent_404" time="0.646" /><testcase classname="tests.test_about.TestAboutPutAuth" name="test_put_without_token_401" time="0.404" /><testcase classname="tests.test_about.TestAboutPutAuth" name="test_put_with_non_admin_403" time="0.480" /><testcase classname="tests.test_about.TestAboutUpload" name="test_upload_non_image_422" time="0.096" /><testcase classname="tests.test_about.TestAboutPutAdmin" name="test_put_updates_and_persists" time="0.839" /><testcase classname="tests.test_about.TestAboutUpload" name="test_upload_requires_admin" time="0.548" /><testcase classname="tests.test_about.TestAboutGet" name="test_get_about_defaults" time="0.091" /><testcase classname="tests.test_about.TestAboutPutAdmin" name="test_put_ignores_non_whitelisted_keys" time="0.138" /></testsuite></testsuites>